<?xml version="1.0" encoding="UTF-8"?>
<!-- Generated by org.testng.reporters.JUnitReportReporter -->
<testsuite hostname="LAPTOP-HGJU6DES" failures="0" tests="1" name="sdet_prototype.test_basics" time="0.009" errors="0" timestamp="2024-02-22T00:37:33 IST" skipped="0">
  <testcase classname="sdet_prototype.test_basics" name="just_print" time="0.009"/>
</testsuite> <!-- sdet_prototype.test_basics -->
